<?xml version="1.0" encoding="utf-8"?>
<test-run id="2" name="miniHW1_KPO_Tolmacheva.dll" fullname="C:/Users/tolka/OneDrive/Рабочий стол/шарп/miniHW1_KPO_Tolmacheva/miniHW1_KPO_Tolmacheva/bin/Debug/net7.0/miniHW1_KPO_Tolmacheva.dll" testcasecount="18" result="Passed" start-time="2025-02-14T20:16:06.0194042Z" end-time="2025-02-14T20:16:06.0813278Z" duration="0.061776" total="18" passed="18" failed="0" inconclusive="0" skipped="0" warnings="0" asserts="32" random-seed="734211491">
  <command-line><![CDATA["C:\Users\tolka\OneDrive\Рабочий стол\шарп\miniHW1_KPO_Tolmacheva\miniHW1_KPO_Tolmacheva\bin\Debug\net7.0\miniHW1_KPO_Tolmacheva.dll"]]></command-line>
  <filter />
  <test-suite type="Assembly" id="1020" name="miniHW1_KPO_Tolmacheva.dll" fullname="C:/Users/tolka/OneDrive/Рабочий стол/шарп/miniHW1_KPO_Tolmacheva/miniHW1_KPO_Tolmacheva/bin/Debug/net7.0/miniHW1_KPO_Tolmacheva.dll" runstate="Runnable" testcasecount="18" result="Passed" start-time="2025-02-14T20:16:06.0194042Z" end-time="2025-02-14T20:16:06.0813278Z" duration="0.061776" total="18" passed="18" failed="0" warnings="0" inconclusive="0" skipped="0" asserts="32">
    <environment framework-version="3.13.3.0" clr-version="7.0.11" os-version="Microsoft Windows 10.0.22631" platform="Win32NT" cwd="C:\Users\tolka\OneDrive\Рабочий стол\шарп\miniHW1_KPO_Tolmacheva\miniHW1_KPO_Tolmacheva\bin\Debug\net7.0" machine-name="LAPTOP-PM2FJ0JN" user="tolka" user-domain="LAPTOP-PM2FJ0JN" culture="ru-RU" uiculture="ru-RU" os-architecture="x64" />
    <settings>
      <setting name="WorkDirectory" value="C:\Users\tolka\OneDrive\Рабочий стол\шарп\miniHW1_KPO_Tolmacheva\miniHW1_KPO_Tolmacheva\bin\Debug\net7.0" />
      <setting name="NumberOfTestWorkers" value="16" />
    </settings>
    <properties>
      <property name="_PID" value="33004" />
      <property name="_APPDOMAIN" value="miniHW1_KPO_Tolmacheva" />
    </properties>
    <test-suite type="TestSuite" id="1023" name="miniHW1_KPO_Tolmacheva" fullname="miniHW1_KPO_Tolmacheva" runstate="Runnable" testcasecount="16" result="Passed" start-time="2025-02-14T20:16:06.0291071Z" end-time="2025-02-14T20:16:06.0778996Z" duration="0.048792" total="16" passed="16" failed="0" warnings="0" inconclusive="0" skipped="0" asserts="28">
      <test-suite type="TestSuite" id="1024" name="Tests" fullname="miniHW1_KPO_Tolmacheva.Tests" runstate="Runnable" testcasecount="16" result="Passed" start-time="2025-02-14T20:16:06.0296459Z" end-time="2025-02-14T20:16:06.0778537Z" duration="0.048208" total="16" passed="16" failed="0" warnings="0" inconclusive="0" skipped="0" asserts="28">
        <test-suite type="TestFixture" id="1003" name="ZooTests" fullname="miniHW1_KPO_Tolmacheva.Tests.ZooTests" classname="miniHW1_KPO_Tolmacheva.Tests.ZooTests" runstate="Runnable" testcasecount="16" result="Passed" start-time="2025-02-14T20:16:06.0313064Z" end-time="2025-02-14T20:16:06.0774307Z" duration="0.046124" total="16" passed="16" failed="0" warnings="0" inconclusive="0" skipped="0" asserts="28">
          <test-case id="1004" name="AddAnimal_ShouldAddAnimalAndInventoryItem" fullname="miniHW1_KPO_Tolmacheva.Tests.ZooTests.AddAnimal_ShouldAddAnimalAndInventoryItem" methodname="AddAnimal_ShouldAddAnimalAndInventoryItem" classname="miniHW1_KPO_Tolmacheva.Tests.ZooTests" runstate="Runnable" seed="1569443244" result="Passed" start-time="2025-02-14T20:16:06.0346728Z" end-time="2025-02-14T20:16:06.0584490Z" duration="0.023850" asserts="3" />
          <test-case id="1007" name="AddEmployee_ShouldAddEmployee" fullname="miniHW1_KPO_Tolmacheva.Tests.ZooTests.AddEmployee_ShouldAddEmployee" methodname="AddEmployee_ShouldAddEmployee" classname="miniHW1_KPO_Tolmacheva.Tests.ZooTests" runstate="Runnable" seed="151390201" result="Passed" start-time="2025-02-14T20:16:06.0614608Z" end-time="2025-02-14T20:16:06.0626222Z" duration="0.001161" asserts="2" />
          <test-case id="1006" name="AddThing_ShouldAddThingToInventory" fullname="miniHW1_KPO_Tolmacheva.Tests.ZooTests.AddThing_ShouldAddThingToInventory" methodname="AddThing_ShouldAddThingToInventory" classname="miniHW1_KPO_Tolmacheva.Tests.ZooTests" runstate="Runnable" seed="696309276" result="Passed" start-time="2025-02-14T20:16:06.0627002Z" end-time="2025-02-14T20:16:06.0632245Z" duration="0.000524" asserts="1" />
          <test-case id="1016" name="GetAllAnimals_ShouldReturnOnlyAnimals" fullname="miniHW1_KPO_Tolmacheva.Tests.ZooTests.GetAllAnimals_ShouldReturnOnlyAnimals" methodname="GetAllAnimals_ShouldReturnOnlyAnimals" classname="miniHW1_KPO_Tolmacheva.Tests.ZooTests" runstate="Runnable" seed="1612184590" result="Passed" start-time="2025-02-14T20:16:06.0632439Z" end-time="2025-02-14T20:16:06.0646147Z" duration="0.001373" asserts="4" />
          <test-case id="1015" name="GetAllInventoryItems_ShouldReturnBothAnimalsAndThings" fullname="miniHW1_KPO_Tolmacheva.Tests.ZooTests.GetAllInventoryItems_ShouldReturnBothAnimalsAndThings" methodname="GetAllInventoryItems_ShouldReturnBothAnimalsAndThings" classname="miniHW1_KPO_Tolmacheva.Tests.ZooTests" runstate="Runnable" seed="2088552219" result="Passed" start-time="2025-02-14T20:16:06.0646383Z" end-time="2025-02-14T20:16:06.0650973Z" duration="0.000459" asserts="3" />
          <test-case id="1011" name="GetContactZooAnimals_ShouldReturnOnlyHerbivoresWithHighKindness" fullname="miniHW1_KPO_Tolmacheva.Tests.ZooTests.GetContactZooAnimals_ShouldReturnOnlyHerbivoresWithHighKindness" methodname="GetContactZooAnimals_ShouldReturnOnlyHerbivoresWithHighKindness" classname="miniHW1_KPO_Tolmacheva.Tests.ZooTests" runstate="Runnable" seed="1768546310" result="Passed" start-time="2025-02-14T20:16:06.0651144Z" end-time="2025-02-14T20:16:06.0671097Z" duration="0.001996" asserts="2" />
          <test-case id="1017" name="GetEmployees_ShouldReturnOnlyEmployees" fullname="miniHW1_KPO_Tolmacheva.Tests.ZooTests.GetEmployees_ShouldReturnOnlyEmployees" methodname="GetEmployees_ShouldReturnOnlyEmployees" classname="miniHW1_KPO_Tolmacheva.Tests.ZooTests" runstate="Runnable" seed="778673910" result="Passed" start-time="2025-02-14T20:16:06.0671489Z" end-time="2025-02-14T20:16:06.0677153Z" duration="0.000567" asserts="3" />
          <test-case id="1010" name="GetThingsInventory_ShouldReturnOnlyThings" fullname="miniHW1_KPO_Tolmacheva.Tests.ZooTests.GetThingsInventory_ShouldReturnOnlyThings" methodname="GetThingsInventory_ShouldReturnOnlyThings" classname="miniHW1_KPO_Tolmacheva.Tests.ZooTests" runstate="Runnable" seed="211187496" result="Passed" start-time="2025-02-14T20:16:06.0677349Z" end-time="2025-02-14T20:16:06.0685718Z" duration="0.000837" asserts="2" />
          <test-case id="1012" name="GetTotalFoodConsumptionForAll_ShouldReturnSumOfAnimalsAndEmployees" fullname="miniHW1_KPO_Tolmacheva.Tests.ZooTests.GetTotalFoodConsumptionForAll_ShouldReturnSumOfAnimalsAndEmployees" methodname="GetTotalFoodConsumptionForAll_ShouldReturnSumOfAnimalsAndEmployees" classname="miniHW1_KPO_Tolmacheva.Tests.ZooTests" runstate="Runnable" seed="2116965627" result="Passed" start-time="2025-02-14T20:16:06.0685939Z" end-time="2025-02-14T20:16:06.0736393Z" duration="0.005047" asserts="1" />
          <test-case id="1005" name="GetTotalFoodConsumptionForAnimals_ShouldReturnCorrectSum" fullname="miniHW1_KPO_Tolmacheva.Tests.ZooTests.GetTotalFoodConsumptionForAnimals_ShouldReturnCorrectSum" methodname="GetTotalFoodConsumptionForAnimals_ShouldReturnCorrectSum" classname="miniHW1_KPO_Tolmacheva.Tests.ZooTests" runstate="Runnable" seed="1851977629" result="Passed" start-time="2025-02-14T20:16:06.0736839Z" end-time="2025-02-14T20:16:06.0743618Z" duration="0.000680" asserts="1" />
          <test-case id="1013" name="GetTotalFoodConsumptionForAnimals_ShouldReturnZero_WhenNoAnimalsAdded" fullname="miniHW1_KPO_Tolmacheva.Tests.ZooTests.GetTotalFoodConsumptionForAnimals_ShouldReturnZero_WhenNoAnimalsAdded" methodname="GetTotalFoodConsumptionForAnimals_ShouldReturnZero_WhenNoAnimalsAdded" classname="miniHW1_KPO_Tolmacheva.Tests.ZooTests" runstate="Runnable" seed="1525700145" result="Passed" start-time="2025-02-14T20:16:06.0743874Z" end-time="2025-02-14T20:16:06.0746871Z" duration="0.000300" asserts="1" />
          <test-case id="1014" name="GetTotalFoodConsumptionForEmployees_ShouldReturnZero_WhenNoEmployeesAdded" fullname="miniHW1_KPO_Tolmacheva.Tests.ZooTests.GetTotalFoodConsumptionForEmployees_ShouldReturnZero_WhenNoEmployeesAdded" methodname="GetTotalFoodConsumptionForEmployees_ShouldReturnZero_WhenNoEmployeesAdded" classname="miniHW1_KPO_Tolmacheva.Tests.ZooTests" runstate="Runnable" seed="239125346" result="Passed" start-time="2025-02-14T20:16:06.0746971Z" end-time="2025-02-14T20:16:06.0749466Z" duration="0.000250" asserts="1" />
          <test-case id="1009" name="IsEmployeeIdUnique_ShouldReturnFalseForDuplicateId" fullname="miniHW1_KPO_Tolmacheva.Tests.ZooTests.IsEmployeeIdUnique_ShouldReturnFalseForDuplicateId" methodname="IsEmployeeIdUnique_ShouldReturnFalseForDuplicateId" classname="miniHW1_KPO_Tolmacheva.Tests.ZooTests" runstate="Runnable" seed="1008794109" result="Passed" start-time="2025-02-14T20:16:06.0749539Z" end-time="2025-02-14T20:16:06.0753502Z" duration="0.000397" asserts="1" />
          <test-case id="1019" name="IsEmployeeIdUnique_ShouldReturnTrue_WhenIdNotUsed" fullname="miniHW1_KPO_Tolmacheva.Tests.ZooTests.IsEmployeeIdUnique_ShouldReturnTrue_WhenIdNotUsed" methodname="IsEmployeeIdUnique_ShouldReturnTrue_WhenIdNotUsed" classname="miniHW1_KPO_Tolmacheva.Tests.ZooTests" runstate="Runnable" seed="1534807414" result="Passed" start-time="2025-02-14T20:16:06.0753732Z" end-time="2025-02-14T20:16:06.0755008Z" duration="0.000128" asserts="1" />
          <test-case id="1008" name="IsInventoryNumberUnique_ShouldReturnFalseForDuplicateNumber" fullname="miniHW1_KPO_Tolmacheva.Tests.ZooTests.IsInventoryNumberUnique_ShouldReturnFalseForDuplicateNumber" methodname="IsInventoryNumberUnique_ShouldReturnFalseForDuplicateNumber" classname="miniHW1_KPO_Tolmacheva.Tests.ZooTests" runstate="Runnable" seed="966262175" result="Passed" start-time="2025-02-14T20:16:06.0755081Z" end-time="2025-02-14T20:16:06.0758582Z" duration="0.000350" asserts="1" />
          <test-case id="1018" name="IsInventoryNumberUnique_ShouldReturnTrue_WhenNumberNotUsed" fullname="miniHW1_KPO_Tolmacheva.Tests.ZooTests.IsInventoryNumberUnique_ShouldReturnTrue_WhenNumberNotUsed" methodname="IsInventoryNumberUnique_ShouldReturnTrue_WhenNumberNotUsed" classname="miniHW1_KPO_Tolmacheva.Tests.ZooTests" runstate="Runnable" seed="2022809682" result="Passed" start-time="2025-02-14T20:16:06.0758716Z" end-time="2025-02-14T20:16:06.0759600Z" duration="0.000088" asserts="1" />
        </test-suite>
      </test-suite>
    </test-suite>
    <test-suite type="TestSuite" id="1021" name="ZooERP" fullname="ZooERP" runstate="Runnable" testcasecount="2" result="Passed" start-time="2025-02-14T20:16:06.0297068Z" end-time="2025-02-14T20:16:06.0812881Z" duration="0.051581" total="2" passed="2" failed="0" warnings="0" inconclusive="0" skipped="0" asserts="4">
      <test-suite type="TestSuite" id="1022" name="Tests" fullname="ZooERP.Tests" runstate="Runnable" testcasecount="2" result="Passed" start-time="2025-02-14T20:16:06.0297125Z" end-time="2025-02-14T20:16:06.0812825Z" duration="0.051570" total="2" passed="2" failed="0" warnings="0" inconclusive="0" skipped="0" asserts="4">
        <test-suite type="TestFixture" id="1000" name="VeterinaryClinicTests" fullname="ZooERP.Tests.VeterinaryClinicTests" classname="ZooERP.Tests.VeterinaryClinicTests" runstate="Runnable" testcasecount="2" result="Passed" start-time="2025-02-14T20:16:06.0793938Z" end-time="2025-02-14T20:16:06.0812737Z" duration="0.001880" total="2" passed="2" failed="0" warnings="0" inconclusive="0" skipped="0" asserts="4">
          <test-case id="1002" name="Inspect_ShouldReturnFalseWhenInputIsN" fullname="ZooERP.Tests.VeterinaryClinicTests.Inspect_ShouldReturnFalseWhenInputIsN" methodname="Inspect_ShouldReturnFalseWhenInputIsN" classname="ZooERP.Tests.VeterinaryClinicTests" runstate="Runnable" seed="78156034" result="Passed" start-time="2025-02-14T20:16:06.0795959Z" end-time="2025-02-14T20:16:06.0807646Z" duration="0.001168" asserts="2">
            <output><![CDATA[Проводится медосмотр для животного "Bunny".
Является ли животное здоровым? (y/n): ]]></output>
          </test-case>
          <test-case id="1001" name="Inspect_ShouldReturnTrueWhenInputIsY" fullname="ZooERP.Tests.VeterinaryClinicTests.Inspect_ShouldReturnTrueWhenInputIsY" methodname="Inspect_ShouldReturnTrueWhenInputIsY" classname="ZooERP.Tests.VeterinaryClinicTests" runstate="Runnable" seed="1847303049" result="Passed" start-time="2025-02-14T20:16:06.0807829Z" end-time="2025-02-14T20:16:06.0812516Z" duration="0.000469" asserts="2">
            <output><![CDATA[Проводится медосмотр для животного "Bunny".
Является ли животное здоровым? (y/n): ]]></output>
          </test-case>
        </test-suite>
      </test-suite>
    </test-suite>
  </test-suite>
</test-run>